<?xml version="1.0" encoding="UTF-8"?>
<!-- Generated by org.testng.reporters.JUnitXMLReporter -->
<testsuite ignored="0" hostname="LAPTOP-2B0D9MGJ" failures="1" tests="2" name="software" time="0.104" errors="0" timestamp="01 Feb 2020 06:00:07 GMT">
  <testcase classname="Tpac.TestA1" name="close" time="0.022"/>
  <testcase classname="Tpac.TestA1" name="close" time="0.076">
    <failure type="java.lang.NullPointerException">
      <![CDATA[java.lang.NullPointerException
at com.bank.utilities.Reporting.onTestSuccess(Reporting.java:54)
... Removed 22 stack frames]]>
    </failure>
  </testcase> <!-- close -->
</testsuite> <!-- software -->
