<?xml version="1.0" encoding="UTF-8"?>
<!-- Generated by org.testng.reporters.JUnitXMLReporter -->
<testsuite ignored="1" hostname="LAPTOP-2B0D9MGJ" failures="0" tests="17" name="Surefire test" time="0.127" errors="0" timestamp="22 Feb 2020 04:07:57 GMT">
  <testcase classname="Tpac.TestA1" name="close" time="0.002"/>
  <testcase classname="Tpac.TestA1" name="open" time="0.0"/>
  <testcase classname="Tpac.TestA4" name="close" time="0.001"/>
  <testcase classname="Tpac.TestA4" name="open" time="0.0"/>
  <testcase classname="Tpac.TestA6" name="open" time="0.0"/>
  <testcase classname="Tpac.TestA2" name="close" time="0.0"/>
  <testcase classname="Tpac.TestA2" name="open" time="0.001"/>
  <testcase classname="Tpac.TestA6" name="zest" time="0.001"/>
  <testcase classname="Tpac.TestA6" name="aclose" time="0.002"/>
  <testcase classname="Tpac.TestA7" name="last" time="0.001"/>
  <testcase classname="Tpac.TestA7" name="main" time="0.0"/>
  <testcase classname="Tpac.TestA8" name="open" time="0.002"/>
  <testcase classname="Tpac.TestA8" name="zest" time="0.046"/>
  <testcase classname="Tpac.TestA8" name="aclose" time="0.001"/>
  <testcase classname="Tpac.TestA9" name="close" time="0.0"/>
  <testcase classname="Tpac.TestA9" name="open" time="0.0"/>
  <testcase classname="Tpac.TestA9" name="perform" time="0.0"/>
  <testcase classname="Tpac.TestA7" name="test" time="0.0">
    <ignored/>
  </testcase> <!-- test -->
</testsuite> <!-- Surefire test -->
