<?xml version="1.0" encoding="UTF-8"?>
<!-- Generated by org.testng.reporters.JUnitXMLReporter -->
<testsuite ignored="0" hostname="LAPTOP-2B0D9MGJ" failures="2" tests="2" name="software" time="84.661" errors="0" timestamp="22 Sep 2019 14:28:23 GMT">
  <testcase classname="com.back.testcases.TC_CLA_001" name="logii" time="53.776">
    <failure type="java.lang.AssertionError">
      <![CDATA[java.lang.AssertionError
at org.junit.Assert.fail(Assert.java:86)
at org.junit.Assert.assertTrue(Assert.java:41)
at org.junit.Assert.assertTrue(Assert.java:52)
at com.back.testcases.TC_CLA_001.logii(TC_CLA_001.java:31)
... Removed 25 stack frames]]>
    </failure>
  </testcase> <!-- logii -->
  <testcase classname="com.back.testcases.TC_CLA_001" name="logii" time="54.132">
    <failure type="java.lang.NullPointerException">
      <![CDATA[java.lang.NullPointerException
at com.bank.utilities.Reporting.onTestFailure(Reporting.java:62)
... Removed 22 stack frames]]>
    </failure>
  </testcase> <!-- logii -->
</testsuite> <!-- software -->
