<?xml version="1.0" encoding="UTF-8"?>
<testsuite xmlns:xsi="http://www.w3.org/2001/XMLSchema-instance" xsi:noNamespaceSchemaLocation="https://maven.apache.org/surefire/maven-surefire-plugin/xsd/surefire-test-report.xsd" name="TestSuite" time="1.794" tests="17" errors="0" skipped="0" failures="0">
  <properties>
[...]
</properties>
  <testcase name="close" classname="Tpac.TestA1" time="0.003"/>
  <testcase name="open" classname="Tpac.TestA1" time="0"/>
  <testcase name="close" classname="Tpac.TestA4" time="0.001"/>
  <testcase name="open" classname="Tpac.TestA4" time="0"/>
  <testcase name="open" classname="Tpac.TestA6" time="0.002"/>
  <testcase name="close" classname="Tpac.TestA2" time="0"/>
  <testcase name="open" classname="Tpac.TestA2" time="0.001"/>
  <testcase name="zest" classname="Tpac.TestA6" time="0.001"/>
  <testcase name="aclose" classname="Tpac.TestA6" time="0"/>
  <testcase name="last" classname="Tpac.TestA7" time="0.001"/>
  <testcase name="main" classname="Tpac.TestA7" time="0"/>
  <testcase name="open" classname="Tpac.TestA8" time="0"/>
  <testcase name="zest" classname="Tpac.TestA8" time="0.006"/>
  <testcase name="aclose" classname="Tpac.TestA8" time="0"/>
  <testcase name="close" classname="Tpac.TestA9" time="0"/>
  <testcase name="open" classname="Tpac.TestA9" time="0"/>
  <testcase name="perform" classname="Tpac.TestA9" time="0.001"/>
</testsuite>