<?xml version="1.0" encoding="UTF-8"?>
<testng-results ignored="1" total="18" passed="17" failed="0" skipped="0">
  <reporter-output>
  </reporter-output>
  <suite started-at="2020-02-22T04:07:56Z" name="Surefire suite" finished-at="2020-02-22T04:07:57Z" duration-ms="127">
    <groups>
      <group name="Priorit">
        <method signature="TestA9.close()[pri:0, instance:Tpac.TestA9@747ddf94]" name="close" class="Tpac.TestA9"/>
      </group> <!-- Priorit -->
      <group name="Priority">
        <method signature="TestA9.perform()[pri:0, instance:Tpac.TestA9@747ddf94]" name="perform" class="Tpac.TestA9"/>
      </group> <!-- Priority -->
    </groups>
    <test started-at="2020-02-22T04:07:56Z" name="Surefire test" finished-at="2020-02-22T04:07:57Z" duration-ms="127">
      <class name="Tpac.TestA8">
        <test-method signature="open()[pri:0, instance:Tpac.TestA8@2f9f7dcf]" started-at="2020-02-22T04:07:56Z" name="open" finished-at="2020-02-22T04:07:56Z" duration-ms="2" status="PASS">
          <reporter-output>
          </reporter-output>
        </test-method> <!-- open -->
        <test-method signature="zest()[pri:0, instance:Tpac.TestA8@2f9f7dcf]" started-at="2020-02-22T04:07:56Z" name="zest" finished-at="2020-02-22T04:07:57Z" duration-ms="46" status="PASS">
          <reporter-output>
          </reporter-output>
        </test-method> <!-- zest -->
        <test-method signature="aclose()[pri:0, instance:Tpac.TestA8@2f9f7dcf]" started-at="2020-02-22T04:07:57Z" name="aclose" finished-at="2020-02-22T04:07:57Z" depends-on-methods="Tpac.TestA8.open" duration-ms="1" status="PASS">
          <reporter-output>
          </reporter-output>
        </test-method> <!-- aclose -->
      </class> <!-- Tpac.TestA8 -->
      <class name="Tpac.TestA7">
        <test-method signature="last()[pri:0, instance:Tpac.TestA7@5b8dfcc1]" started-at="2020-02-22T04:07:56Z" name="last" finished-at="2020-02-22T04:07:56Z" duration-ms="1" status="PASS">
          <reporter-output>
          </reporter-output>
        </test-method> <!-- last -->
        <test-method signature="main()[pri:0, instance:Tpac.TestA7@5b8dfcc1]" started-at="2020-02-22T04:07:56Z" name="main" finished-at="2020-02-22T04:07:56Z" duration-ms="0" status="PASS">
          <reporter-output>
          </reporter-output>
        </test-method> <!-- main -->
        <test-method is-config="true" signature="asuite()[pri:0, instance:Tpac.TestA7@5b8dfcc1]" started-at="2020-02-22T04:07:57Z" name="asuite" finished-at="2020-02-22T04:07:57Z" duration-ms="0" status="PASS">
          <reporter-output>
          </reporter-output>
        </test-method> <!-- asuite -->
      </class> <!-- Tpac.TestA7 -->
      <class name="Tpac.TestA9">
        <test-method signature="close()[pri:0, instance:Tpac.TestA9@747ddf94]" started-at="2020-02-22T04:07:57Z" name="close" finished-at="2020-02-22T04:07:57Z" duration-ms="0" status="PASS">
          <reporter-output>
          </reporter-output>
        </test-method> <!-- close -->
        <test-method signature="open()[pri:0, instance:Tpac.TestA9@747ddf94]" started-at="2020-02-22T04:07:57Z" name="open" finished-at="2020-02-22T04:07:57Z" duration-ms="0" status="PASS">
          <reporter-output>
          </reporter-output>
        </test-method> <!-- open -->
        <test-method signature="perform()[pri:0, instance:Tpac.TestA9@747ddf94]" started-at="2020-02-22T04:07:57Z" name="perform" finished-at="2020-02-22T04:07:57Z" duration-ms="0" status="PASS">
          <reporter-output>
          </reporter-output>
        </test-method> <!-- perform -->
      </class> <!-- Tpac.TestA9 -->
      <class name="Tpac.TestA2">
        <test-method is-config="true" signature="b1()[pri:0, instance:Tpac.TestA2@72967906]" started-at="2020-02-22T04:07:56Z" name="b1" finished-at="2020-02-22T04:07:56Z" duration-ms="1" status="PASS">
          <reporter-output>
          </reporter-output>
        </test-method> <!-- b1 -->
        <test-method signature="close()[pri:0, instance:Tpac.TestA2@72967906]" started-at="2020-02-22T04:07:56Z" name="close" finished-at="2020-02-22T04:07:56Z" duration-ms="0" status="PASS">
          <reporter-output>
          </reporter-output>
        </test-method> <!-- close -->
        <test-method is-config="true" signature="b1()[pri:0, instance:Tpac.TestA2@72967906]" started-at="2020-02-22T04:07:56Z" name="b1" finished-at="2020-02-22T04:07:56Z" duration-ms="4" status="PASS">
          <reporter-output>
          </reporter-output>
        </test-method> <!-- b1 -->
        <test-method signature="open()[pri:0, instance:Tpac.TestA2@72967906]" started-at="2020-02-22T04:07:56Z" name="open" finished-at="2020-02-22T04:07:56Z" duration-ms="1" status="PASS">
          <reporter-output>
          </reporter-output>
        </test-method> <!-- open -->
      </class> <!-- Tpac.TestA2 -->
      <class name="Tpac.TestA1">
        <test-method signature="close()[pri:0, instance:Tpac.TestA1@1a482e36]" started-at="2020-02-22T04:07:56Z" name="close" finished-at="2020-02-22T04:07:56Z" duration-ms="2" status="PASS">
          <reporter-output>
          </reporter-output>
        </test-method> <!-- close -->
        <test-method signature="open()[pri:0, instance:Tpac.TestA1@1a482e36]" started-at="2020-02-22T04:07:56Z" name="open" finished-at="2020-02-22T04:07:56Z" duration-ms="0" status="PASS">
          <reporter-output>
          </reporter-output>
        </test-method> <!-- open -->
      </class> <!-- Tpac.TestA1 -->
      <class name="Tpac.TestA4">
        <test-method is-config="true" signature="t1()[pri:0, instance:Tpac.TestA4@67c27493]" started-at="2020-02-22T04:07:56Z" name="t1" finished-at="2020-02-22T04:07:56Z" duration-ms="0" status="PASS">
          <reporter-output>
          </reporter-output>
        </test-method> <!-- t1 -->
        <test-method signature="close()[pri:0, instance:Tpac.TestA4@67c27493]" started-at="2020-02-22T04:07:56Z" name="close" finished-at="2020-02-22T04:07:56Z" duration-ms="1" status="PASS">
          <reporter-output>
          </reporter-output>
        </test-method> <!-- close -->
        <test-method is-config="true" signature="m1()[pri:0, instance:Tpac.TestA4@67c27493]" started-at="2020-02-22T04:07:56Z" name="m1" finished-at="2020-02-22T04:07:56Z" duration-ms="0" status="PASS">
          <reporter-output>
          </reporter-output>
        </test-method> <!-- m1 -->
        <test-method is-config="true" signature="m2()[pri:0, instance:Tpac.TestA4@67c27493]" started-at="2020-02-22T04:07:56Z" name="m2" finished-at="2020-02-22T04:07:56Z" duration-ms="0" status="PASS">
          <reporter-output>
          </reporter-output>
        </test-method> <!-- m2 -->
        <test-method is-config="true" signature="m1()[pri:0, instance:Tpac.TestA4@67c27493]" started-at="2020-02-22T04:07:56Z" name="m1" finished-at="2020-02-22T04:07:56Z" duration-ms="0" status="PASS">
          <reporter-output>
          </reporter-output>
        </test-method> <!-- m1 -->
        <test-method signature="open()[pri:0, instance:Tpac.TestA4@67c27493]" started-at="2020-02-22T04:07:56Z" name="open" finished-at="2020-02-22T04:07:56Z" duration-ms="0" status="PASS">
          <reporter-output>
          </reporter-output>
        </test-method> <!-- open -->
        <test-method is-config="true" signature="m2()[pri:0, instance:Tpac.TestA4@67c27493]" started-at="2020-02-22T04:07:56Z" name="m2" finished-at="2020-02-22T04:07:56Z" duration-ms="0" status="PASS">
          <reporter-output>
          </reporter-output>
        </test-method> <!-- m2 -->
        <test-method is-config="true" signature="t2()[pri:0, instance:Tpac.TestA4@67c27493]" started-at="2020-02-22T04:07:57Z" name="t2" finished-at="2020-02-22T04:07:57Z" duration-ms="0" status="PASS">
          <reporter-output>
          </reporter-output>
        </test-method> <!-- t2 -->
      </class> <!-- Tpac.TestA4 -->
      <class name="Tpac.TestA6">
        <test-method is-config="true" signature="suite1()[pri:0, instance:Tpac.TestA6@77fbd92c]" started-at="2020-02-22T04:07:56Z" name="suite1" finished-at="2020-02-22T04:07:56Z" duration-ms="51" status="PASS">
          <reporter-output>
          </reporter-output>
        </test-method> <!-- suite1 -->
        <test-method signature="open()[pri:0, instance:Tpac.TestA6@77fbd92c]" started-at="2020-02-22T04:07:56Z" name="open" finished-at="2020-02-22T04:07:56Z" duration-ms="0" status="PASS">
          <reporter-output>
          </reporter-output>
        </test-method> <!-- open -->
        <test-method signature="zest()[pri:0, instance:Tpac.TestA6@77fbd92c]" started-at="2020-02-22T04:07:56Z" name="zest" finished-at="2020-02-22T04:07:56Z" duration-ms="1" status="PASS">
          <reporter-output>
          </reporter-output>
        </test-method> <!-- zest -->
        <test-method signature="aclose()[pri:0, instance:Tpac.TestA6@77fbd92c]" started-at="2020-02-22T04:07:56Z" name="aclose" finished-at="2020-02-22T04:07:56Z" depends-on-methods="Tpac.TestA6.open" duration-ms="2" status="PASS">
          <reporter-output>
          </reporter-output>
        </test-method> <!-- aclose -->
      </class> <!-- Tpac.TestA6 -->
    </test> <!-- Surefire test -->
  </suite> <!-- Surefire suite -->
</testng-results>
