<?xml version="1.0" encoding="UTF-8"?>
<testng-results ignored="0" total="1" passed="1" failed="0" skipped="0">
  <reporter-output>
  </reporter-output>
  <suite started-at="2020-02-06T15:17:47Z" name="Default suite" finished-at="2020-02-06T15:18:15Z" duration-ms="28172">
    <groups>
    </groups>
    <test started-at="2020-02-06T15:17:47Z" name="Default test" finished-at="2020-02-06T15:18:15Z" duration-ms="28172">
      <class name="com.back.testcases.date">
        <test-method is-config="true" signature="setup()[pri:0, instance:com.back.testcases.date@2f465398]" started-at="2020-02-06T15:17:47Z" name="setup" finished-at="2020-02-06T15:17:56Z" duration-ms="9158" status="PASS">
          <reporter-output>
          </reporter-output>
        </test-method> <!-- setup -->
        <test-method signature="date1()[pri:0, instance:com.back.testcases.date@2f465398]" started-at="2020-02-06T15:17:56Z" name="date1" finished-at="2020-02-06T15:18:15Z" duration-ms="19005" status="PASS">
          <reporter-output>
          </reporter-output>
        </test-method> <!-- date1 -->
      </class> <!-- com.back.testcases.date -->
    </test> <!-- Default test -->
  </suite> <!-- Default suite -->
</testng-results>
